<?xml version="1.0" encoding="UTF-8"?>
<!-- Generated by org.testng.reporters.JUnitReportReporter -->
<testsuite hostname="LNAR-5CD141224G" failures="0" tests="3" name="restAssuredProject.DynamicJson" time="8.008" errors="0" timestamp="2023-11-24T18:20:18 EST" skipped="0">
  <testcase classname="restAssuredProject.DynamicJson" name="addBook" time="0.641"/>
  <testcase classname="restAssuredProject.DynamicJson" name="addBook" time="6.649"/>
  <testcase classname="restAssuredProject.DynamicJson" name="addBook" time="0.718"/>
</testsuite> <!-- restAssuredProject.DynamicJson -->
